<?xml version="1.0" encoding="UTF-8"?>
<!-- Generated by org.testng.reporters.JUnitReportReporter -->
<testsuite hostname="DESKTOP-C036CLP" failures="0" tests="6" name="api.test.UserDataDrivenTest" time="8.205" errors="0" timestamp="2025-01-08T07:01:44 IST" skipped="0">
  <testcase classname="api.test.UserDataDrivenTest" name="testGetUserExcel" time="3.054"/>
  <testcase classname="api.test.UserDataDrivenTest" name="testGetUserExcel" time="1.015"/>
  <testcase classname="api.test.UserDataDrivenTest" name="testGetUserExcel" time="1.020"/>
  <testcase classname="api.test.UserDataDrivenTest" name="testDeleteUser" time="1.019"/>
  <testcase classname="api.test.UserDataDrivenTest" name="testDeleteUser" time="1.057"/>
  <testcase classname="api.test.UserDataDrivenTest" name="testDeleteUser" time="1.040"/>
</testsuite> <!-- api.test.UserDataDrivenTest -->
